<?xml version="1.0" encoding="utf-8" standalone="no"?>
<!--This file represents the results of running a test suite-->
<test-results name="D:\GitRepository\AdventureWorks\AdventureWorks\AdventureWorks.IntegrationTest\bin\Debug\AdventureWorks.IntegrationTest.dll" total="13" errors="0" failures="0" not-run="0" inconclusive="0" ignored="0" skipped="0" invalid="0" date="2013-05-23" time="01:53:47">
  <environment nunit-version="2.5.10.11092" clr-version="4.0.30319.17929" os-version="Microsoft Windows NT 6.1.7600.0" platform="Win32NT" cwd="D:\Program Files\Microsoft Visual Studio 11.0\Common7\IDE" machine-name="YHWY-PC" user="Administrator" user-domain="YHWY-PC" />
  <culture-info current-culture="zh-CN" current-uiculture="zh-CN" />
  <test-suite type="Assembly" name="D:\GitRepository\AdventureWorks\AdventureWorks\AdventureWorks.IntegrationTest\bin\Debug\AdventureWorks.IntegrationTest.dll" executed="True" result="Success" success="True" time="20.764" asserts="0">
    <results>
      <test-suite type="Namespace" name="AdventureWorks" executed="True" result="Success" success="True" time="20.764" asserts="0">
        <results>
          <test-suite type="Namespace" name="IntegrationTest" executed="True" result="Success" success="True" time="20.764" asserts="0">
            <results>
              <test-suite type="TestFixture" name="AdventureWorksContextTest" executed="True" result="Success" success="True" time="19.921" asserts="0">
                <results>
                  <test-case name="AdventureWorks.IntegrationTest.AdventureWorksContextTest.ShouldGetEntity" executed="True" result="Success" success="True" time="0.421" asserts="1" />
                  <test-case name="AdventureWorks.IntegrationTest.AdventureWorksContextTest.ShouldReturnEntityImplementedIObjectWithState" executed="True" result="Success" success="True" time="13.978" asserts="1" />
                </results>
              </test-suite>
              <test-suite type="TestFixture" name="EmployeeConfigurationTest" executed="True" result="Success" success="True" time="0.218" asserts="0">
                <results>
                  <test-case name="AdventureWorks.IntegrationTest.EmployeeConfigurationTest.ShouldDisableLazyLoading" executed="True" result="Success" success="True" time="0.000" asserts="2" />
                  <test-case name="AdventureWorks.IntegrationTest.EmployeeConfigurationTest.ShouldGetContactByExplicitLoad" executed="True" result="Success" success="True" time="0.203" asserts="1" />
                  <test-case name="AdventureWorks.IntegrationTest.EmployeeConfigurationTest.ShouldGetEmployee" executed="True" result="Success" success="True" time="0.000" asserts="2" />
                  <test-case name="AdventureWorks.IntegrationTest.EmployeeConfigurationTest.ShouldGetManagerByExplicitLoad" executed="True" result="Success" success="True" time="0.016" asserts="1" />
                </results>
              </test-suite>
              <test-suite type="Namespace" name="Repositories" executed="True" result="Success" success="True" time="0.421" asserts="0">
                <results>
                  <test-suite type="TestFixture" name="DepartmentRepositoryTest" executed="True" result="Success" success="True" time="0.421" asserts="0">
                    <results>
                      <test-case name="AdventureWorks.IntegrationTest.Repositories.DepartmentRepositoryTest.RepositoryTestBase`1.ShouldAddEntity" executed="True" result="Success" success="True" time="0.374" asserts="3" />
                      <test-case name="AdventureWorks.IntegrationTest.Repositories.DepartmentRepositoryTest.RepositoryTestBase`1.ShouldDeleteEntity" executed="True" result="Success" success="True" time="0.031" asserts="1" />
                      <test-case name="AdventureWorks.IntegrationTest.Repositories.DepartmentRepositoryTest.RepositoryTestBase`1.ShouldUpdateEntity" executed="True" result="Success" success="True" time="0.016" asserts="3" />
                    </results>
                  </test-suite>
                </results>
              </test-suite>
              <test-suite type="TestFixture" name="RepositoryTest" executed="True" result="Success" success="True" time="0.203" asserts="0">
                <results>
                  <test-case name="AdventureWorks.IntegrationTest.RepositoryTest.ShouldAddDepartment" executed="True" result="Success" success="True" time="0.047" asserts="1" />
                  <test-case name="AdventureWorks.IntegrationTest.RepositoryTest.ShouldAddEntityGraphy" executed="True" result="Success" success="True" time="0.125" asserts="3" />
                  <test-case name="AdventureWorks.IntegrationTest.RepositoryTest.ShouldDeleteDepartment" executed="True" result="Success" success="True" time="0.016" asserts="1" />
                  <test-case name="AdventureWorks.IntegrationTest.RepositoryTest.ShouldUpdateDepartment" executed="True" result="Success" success="True" time="0.016" asserts="2" />
                </results>
              </test-suite>
            </results>
          </test-suite>
        </results>
      </test-suite>
    </results>
  </test-suite>
</test-results>